#
# There is insufficient memory for the Java Runtime Environment to continue.
# Native memory allocation (mmap) failed to map 35651584 bytes for Failed to commit area from 0x00000000c8500000 to 0x00000000ca700000 of length 35651584.
# Possible reasons:
#   The system is out of physical RAM or swap space
#   The process is running with CompressedOops enabled, and the Java Heap may be blocking the growth of the native heap
# Possible solutions:
#   Reduce memory load on the system
#   Increase physical memory or swap space
#   Check if swap backing store is full
#   Decrease Java heap size (-Xmx/-Xms)
#   Decrease number of Java threads
#   Decrease Java thread stack sizes (-Xss)
#   Set larger code cache with -XX:ReservedCodeCacheSize=
#   JVM is running with Unscaled Compressed Oops mode in which the Java heap is
#     placed in the first 4GB address space. The Java Heap base address is the
#     maximum limit for the native heap growth. Please use -XX:HeapBaseMinAddress
#     to set the Java Heap base and to place the Java Heap above 4GB virtual address.
# This output file may be truncated or incomplete.
#
#  Out of Memory Error (t:/workspace/open/src/hotspot/os/windows/os_windows.cpp:3301), pid=13840, tid=19524
#
# JRE version: Java(TM) SE Runtime Environment (13.0.1+9) (build 13.0.1+9)
# Java VM: Java HotSpot(TM) 64-Bit Server VM (13.0.1+9, mixed mode, sharing, tiered, compressed oops, g1 gc, windows-amd64)
# No core dump will be written. Minidumps are not enabled by default on client versions of Windows
#

---------------  S U M M A R Y ------------

Command Line: -Dfile.encoding=UTF-8 pack1.Main

Host: Intel(R) Core(TM) m3-6Y30 CPU @ 0.90GHz, 4 cores, 3G,  Windows 10 , 64 bit Build 17763 (10.0.17763.475)
Time: Sat Mar 28 16:51:04 2020 Mitteleuropäische Zeit elapsed time: 100 seconds (0d 0h 1m 40s)

---------------  T H R E A D  ---------------

Current thread (0x000001b678234800):  VMThread "VM Thread" [stack: 0x0000001d4e300000,0x0000001d4e400000] [id=19524]

Stack: [0x0000001d4e300000,0x0000001d4e400000]
[error occurred during error reporting (printing stack bounds), id 0xc0000005, EXCEPTION_ACCESS_VIOLATION (0xc0000005) at pc=0x000001b6647310ad]

Native frames: (J=compiled Java code, j=interpreted, Vv=VM code, C=native code)
V  [jvm.dll+0x626eca]
V  [jvm.dll+0x772c6a]
V  [jvm.dll+0x77441f]
V  [jvm.dll+0x774985]
V  [jvm.dll+0x77493b]
V  [jvm.dll+0x6266ff]
C  [ntdll.dll+0x66b16]
C  [ntdll.dll+0x4849]
C  [ntdll.dll+0xa34fe]
C  0x000001b6647310ad

VM_Operation (0x0000001d4dfffb30): G1Concurrent, mode: safepoint, requested by thread 0x000001b65c269000


---------------  P R O C E S S  ---------------

Threads class SMR info:
_java_thread_list=0x000001b67a616410, length=16, elements={
0x000001b67823a800, 0x000001b678240000, 0x000001b678255000, 0x000001b678256800,
0x000001b678261800, 0x000001b678267800, 0x000001b67827b000, 0x000001b678cc1000,
0x000001b678ccc800, 0x000001b678ee7000, 0x000001b678f23800, 0x000001b67a6c0000,
0x000001b67a6b8800, 0x000001b65c22b800, 0x000001b678cc4000, 0x000001b67a9b3800
}

Java Threads: ( => current thread )
  0x000001b67823a800 JavaThread "Reference Handler" daemon [_thread_blocked, id=20728, stack(0x0000001d4e400000,0x0000001d4e500000)]
  0x000001b678240000 JavaThread "Finalizer" daemon [_thread_blocked, id=12436, stack(0x0000001d4e500000,0x0000001d4e600000)]
  0x000001b678255000 JavaThread "Signal Dispatcher" daemon [_thread_blocked, id=18424, stack(0x0000001d4e600000,0x0000001d4e700000)]
  0x000001b678256800 JavaThread "Attach Listener" daemon [_thread_blocked, id=10180, stack(0x0000001d4e700000,0x0000001d4e800000)]
  0x000001b678261800 JavaThread "C2 CompilerThread0" daemon [_thread_blocked, id=20656, stack(0x0000001d4e800000,0x0000001d4e900000)]
  0x000001b678267800 JavaThread "C1 CompilerThread0" daemon [_thread_blocked, id=8612, stack(0x0000001d4e900000,0x0000001d4ea00000)]
  0x000001b67827b000 JavaThread "Sweeper thread" daemon [_thread_blocked, id=17424, stack(0x0000001d4ea00000,0x0000001d4eb00000)]
  0x000001b678cc1000 JavaThread "Service Thread" daemon [_thread_blocked, id=21156, stack(0x0000001d4eb00000,0x0000001d4ec00000)]
  0x000001b678ccc800 JavaThread "Common-Cleaner" daemon [_thread_blocked, id=7800, stack(0x0000001d4ed00000,0x0000001d4ee00000)]
  0x000001b678ee7000 JavaThread "Java2D Disposer" daemon [_thread_blocked, id=20716, stack(0x0000001d4ee00000,0x0000001d4ef00000)]
  0x000001b678f23800 JavaThread "AWT-Windows" daemon [_thread_blocked, id=19708, stack(0x0000001d4f000000,0x0000001d4f100000)]
  0x000001b67a6c0000 JavaThread "TimerQueue" daemon [_thread_blocked, id=20652, stack(0x0000001d4f800000,0x0000001d4f900000)]
  0x000001b67a6b8800 JavaThread "Timer-0" [_thread_blocked, id=21088, stack(0x0000001d4f900000,0x0000001d4fa00000)]
  0x000001b65c22b800 JavaThread "DestroyJavaVM" [_thread_blocked, id=9536, stack(0x0000001d4dd00000,0x0000001d4de00000)]
  0x000001b678cc4000 JavaThread "AWT-Shutdown" [_thread_blocked, id=18980, stack(0x0000001d4da00000,0x0000001d4db00000)]
  0x000001b67a9b3800 JavaThread "AWT-EventQueue-0" [_thread_blocked, id=19344, stack(0x0000001d4db00000,0x0000001d4dc00000)]

Other Threads:
=>0x000001b678234800 VMThread "VM Thread" [stack: 0x0000001d4e300000,0x0000001d4e400000] [id=19524]
  0x000001b678cc5800 WatcherThread [stack: 0x0000001d4ec00000,0x0000001d4ed00000] [id=2516]
  0x000001b65c25d800 GCTaskThread "GC Thread#0" [stack: 0x0000001d4de00000,0x0000001d4df00000] [id=13084]
  0x000001b67a646000 GCTaskThread "GC Thread#1" [stack: 0x0000001d4f500000,0x0000001d4f600000] [id=9084]
  0x000001b67a647800 GCTaskThread "GC Thread#2" [stack: 0x0000001d4f600000,0x0000001d4f700000] [id=12668]
  0x000001b67a645800 GCTaskThread "GC Thread#3" [stack: 0x0000001d4f700000,0x0000001d4f800000] [id=18488]
  0x000001b65c269000 ConcurrentGCThread "G1 Main Marker" [stack: 0x0000001d4df00000,0x0000001d4e000000] [id=18916]
  0x000001b65c26e800 ConcurrentGCThread "G1 Conc#0" [stack: 0x0000001d4e000000,0x0000001d4e100000] [id=13036]
  0x000001b65c2c2800 ConcurrentGCThread "G1 Refine#0" [stack: 0x0000001d4e100000,0x0000001d4e200000] [id=21268]
  0x000001b65c2c4800 ConcurrentGCThread "G1 Young RemSet Sampling" [stack: 0x0000001d4e200000,0x0000001d4e300000] [id=20720]

Threads with active compile tasks:

VM state:at safepoint (normal execution)

VM Mutex/Monitor currently owned by a thread:  ([mutex/lock_event])
[0x000001b65c2282a0] Threads_lock - owner thread: 0x000001b678234800
[0x000001b65c2292f0] Heap_lock - owner thread: 0x000001b65c269000

Heap address: 0x00000000c1200000, size: 1006 MB, Compressed Oops mode: 32-bit
Narrow klass base: 0x0000000800000000, Narrow klass shift: 3
Compressed class space size: 1073741824 Address: 0x0000000800b40000

Heap:
 garbage-first heap   total 152576K, used 88343K [0x00000000c1200000, 0x0000000100000000)
  region size 1024K, 2 young (2048K), 1 survivors (1024K)
 Metaspace       used 9227K, capacity 9483K, committed 9600K, reserved 1058816K
  class space    used 973K, capacity 1081K, committed 1152K, reserved 1048576K
Heap Regions: E=young(eden), S=young(survivor), O=old, HS=humongous(starts), HC=humongous(continues), CS=collection set, F=free, A=archive, TAMS=top-at-mark-start (previous, next)
|   0|0x00000000c1200000, 0x00000000c1300000, 0x00000000c1300000|100%|HS|  |TAMS 0x00000000c1300000, 0x00000000c1200000| Complete 
|   1|0x00000000c1300000, 0x00000000c1400000, 0x00000000c1400000|100%|HC|  |TAMS 0x00000000c1400000, 0x00000000c1300000| Complete 
|   2|0x00000000c1400000, 0x00000000c1500000, 0x00000000c1500000|100%|HC|  |TAMS 0x00000000c1500000, 0x00000000c1400000| Complete 
|   3|0x00000000c1500000, 0x00000000c1600000, 0x00000000c1600000|100%|HC|  |TAMS 0x00000000c1600000, 0x00000000c1500000| Complete 
|   4|0x00000000c1600000, 0x00000000c1700000, 0x00000000c1700000|100%|HC|  |TAMS 0x00000000c1700000, 0x00000000c1600000| Complete 
|   5|0x00000000c1700000, 0x00000000c1800000, 0x00000000c1800000|100%|HS|  |TAMS 0x00000000c1800000, 0x00000000c1700000| Complete 
|   6|0x00000000c1800000, 0x00000000c1900000, 0x00000000c1900000|100%| O|  |TAMS 0x00000000c1900000, 0x00000000c1800000| Updating 
|   7|0x00000000c1900000, 0x00000000c1a00000, 0x00000000c1a00000|100%|HS|  |TAMS 0x00000000c1a00000, 0x00000000c1900000| Complete 
|   8|0x00000000c1a00000, 0x00000000c1b00000, 0x00000000c1b00000|100%|HC|  |TAMS 0x00000000c1b00000, 0x00000000c1a00000| Complete 
|   9|0x00000000c1b00000, 0x00000000c1c00000, 0x00000000c1c00000|100%|HC|  |TAMS 0x00000000c1c00000, 0x00000000c1b00000| Complete 
|  10|0x00000000c1c00000, 0x00000000c1d00000, 0x00000000c1d00000|100%|HC|  |TAMS 0x00000000c1d00000, 0x00000000c1c00000| Complete 
|  11|0x00000000c1d00000, 0x00000000c1e00000, 0x00000000c1e00000|100%|HC|  |TAMS 0x00000000c1e00000, 0x00000000c1d00000| Complete 
|  12|0x00000000c1e00000, 0x00000000c1f00000, 0x00000000c1f00000|100%|HC|  |TAMS 0x00000000c1f00000, 0x00000000c1e00000| Complete 
|  13|0x00000000c1f00000, 0x00000000c2000000, 0x00000000c2000000|100%|HC|  |TAMS 0x00000000c2000000, 0x00000000c1f00000| Complete 
|  14|0x00000000c2000000, 0x00000000c2100000, 0x00000000c2100000|100%|HC|  |TAMS 0x00000000c2100000, 0x00000000c2000000| Complete 
|  15|0x00000000c2100000, 0x00000000c2200000, 0x00000000c2200000|100%|HC|  |TAMS 0x00000000c2200000, 0x00000000c2100000| Complete 
|  16|0x00000000c2200000, 0x00000000c2300000, 0x00000000c2300000|100%|HC|  |TAMS 0x00000000c2300000, 0x00000000c2200000| Complete 
|  17|0x00000000c2300000, 0x00000000c2400000, 0x00000000c2400000|100%|HC|  |TAMS 0x00000000c2400000, 0x00000000c2300000| Complete 
|  18|0x00000000c2400000, 0x00000000c2500000, 0x00000000c2500000|100%|HC|  |TAMS 0x00000000c2500000, 0x00000000c2400000| Complete 
|  19|0x00000000c2500000, 0x00000000c2600000, 0x00000000c2600000|100%|HC|  |TAMS 0x00000000c2600000, 0x00000000c2500000| Complete 
|  20|0x00000000c2600000, 0x00000000c2700000, 0x00000000c2700000|100%|HC|  |TAMS 0x00000000c2700000, 0x00000000c2600000| Complete 
|  21|0x00000000c2700000, 0x00000000c2800000, 0x00000000c2800000|100%|HC|  |TAMS 0x00000000c2800000, 0x00000000c2700000| Complete 
|  22|0x00000000c2800000, 0x00000000c2900000, 0x00000000c2900000|100%|HC|  |TAMS 0x00000000c2900000, 0x00000000c2800000| Complete 
|  23|0x00000000c2900000, 0x00000000c2a00000, 0x00000000c2a00000|100%|HC|  |TAMS 0x00000000c2a00000, 0x00000000c2900000| Complete 
|  24|0x00000000c2a00000, 0x00000000c2b00000, 0x00000000c2b00000|100%|HC|  |TAMS 0x00000000c2b00000, 0x00000000c2a00000| Complete 
|  25|0x00000000c2b00000, 0x00000000c2c00000, 0x00000000c2c00000|100%|HC|  |TAMS 0x00000000c2c00000, 0x00000000c2b00000| Complete 
|  26|0x00000000c2c00000, 0x00000000c2d00000, 0x00000000c2d00000|100%|HC|  |TAMS 0x00000000c2d00000, 0x00000000c2c00000| Complete 
|  27|0x00000000c2d00000, 0x00000000c2e00000, 0x00000000c2e00000|100%|HC|  |TAMS 0x00000000c2e00000, 0x00000000c2d00000| Complete 
|  28|0x00000000c2e00000, 0x00000000c2f00000, 0x00000000c2f00000|100%|HC|  |TAMS 0x00000000c2f00000, 0x00000000c2e00000| Complete 
|  29|0x00000000c2f00000, 0x00000000c3000000, 0x00000000c3000000|100%|HC|  |TAMS 0x00000000c3000000, 0x00000000c2f00000| Complete 
|  30|0x00000000c3000000, 0x00000000c3100000, 0x00000000c3100000|100%|HC|  |TAMS 0x00000000c3100000, 0x00000000c3000000| Complete 
|  31|0x00000000c3100000, 0x00000000c3200000, 0x00000000c3200000|100%|HC|  |TAMS 0x00000000c3200000, 0x00000000c3100000| Complete 
|  32|0x00000000c3200000, 0x00000000c3300000, 0x00000000c3300000|100%|HC|  |TAMS 0x00000000c3300000, 0x00000000c3200000| Complete 
|  33|0x00000000c3300000, 0x00000000c3400000, 0x00000000c3400000|100%|HC|  |TAMS 0x00000000c3400000, 0x00000000c3300000| Complete 
|  34|0x00000000c3400000, 0x00000000c3500000, 0x00000000c3500000|100%|HC|  |TAMS 0x00000000c3500000, 0x00000000c3400000| Complete 
|  35|0x00000000c3500000, 0x00000000c3600000, 0x00000000c3600000|100%|HC|  |TAMS 0x00000000c3600000, 0x00000000c3500000| Complete 
|  36|0x00000000c3600000, 0x00000000c3700000, 0x00000000c3700000|100%|HC|  |TAMS 0x00000000c3700000, 0x00000000c3600000| Complete 
|  37|0x00000000c3700000, 0x00000000c3800000, 0x00000000c3800000|100%|HC|  |TAMS 0x00000000c3800000, 0x00000000c3700000| Complete 
|  38|0x00000000c3800000, 0x00000000c3900000, 0x00000000c3900000|100%|HC|  |TAMS 0x00000000c3900000, 0x00000000c3800000| Complete 
|  39|0x00000000c3900000, 0x00000000c3a00000, 0x00000000c3a00000|100%|HC|  |TAMS 0x00000000c3a00000, 0x00000000c3900000| Complete 
|  40|0x00000000c3a00000, 0x00000000c3b00000, 0x00000000c3b00000|100%|HC|  |TAMS 0x00000000c3b00000, 0x00000000c3a00000| Complete 
|  41|0x00000000c3b00000, 0x00000000c3c00000, 0x00000000c3c00000|100%|HC|  |TAMS 0x00000000c3c00000, 0x00000000c3b00000| Complete 
|  42|0x00000000c3c00000, 0x00000000c3d00000, 0x00000000c3d00000|100%|HS|  |TAMS 0x00000000c3d00000, 0x00000000c3c00000| Complete 
|  43|0x00000000c3d00000, 0x00000000c3e00000, 0x00000000c3e00000|100%|HC|  |TAMS 0x00000000c3e00000, 0x00000000c3d00000| Complete 
|  44|0x00000000c3e00000, 0x00000000c3f00000, 0x00000000c3f00000|100%|HC|  |TAMS 0x00000000c3f00000, 0x00000000c3e00000| Complete 
|  45|0x00000000c3f00000, 0x00000000c4000000, 0x00000000c4000000|100%|HC|  |TAMS 0x00000000c4000000, 0x00000000c3f00000| Complete 
|  46|0x00000000c4000000, 0x00000000c4100000, 0x00000000c4100000|100%|HC|  |TAMS 0x00000000c4100000, 0x00000000c4000000| Complete 
|  47|0x00000000c4100000, 0x00000000c4200000, 0x00000000c4200000|100%| O|  |TAMS 0x00000000c4200000, 0x00000000c4100000| Updating 
|  48|0x00000000c4200000, 0x00000000c4234e00, 0x00000000c4300000| 20%| O|  |TAMS 0x00000000c4234e00, 0x00000000c4200000| Updating 
|  49|0x00000000c4300000, 0x00000000c4400000, 0x00000000c4400000|100%|HS|  |TAMS 0x00000000c4400000, 0x00000000c4300000| Complete 
|  50|0x00000000c4400000, 0x00000000c4500000, 0x00000000c4500000|100%|HC|  |TAMS 0x00000000c4500000, 0x00000000c4400000| Complete 
|  51|0x00000000c4500000, 0x00000000c4600000, 0x00000000c4600000|100%|HC|  |TAMS 0x00000000c4600000, 0x00000000c4500000| Complete 
|  52|0x00000000c4600000, 0x00000000c4700000, 0x00000000c4700000|100%|HC|  |TAMS 0x00000000c4700000, 0x00000000c4600000| Complete 
|  53|0x00000000c4700000, 0x00000000c4800000, 0x00000000c4800000|100%|HC|  |TAMS 0x00000000c4800000, 0x00000000c4700000| Complete 
|  54|0x00000000c4800000, 0x00000000c4900000, 0x00000000c4900000|100%|HC|  |TAMS 0x00000000c4900000, 0x00000000c4800000| Complete 
|  55|0x00000000c4900000, 0x00000000c4a00000, 0x00000000c4a00000|100%|HC|  |TAMS 0x00000000c4a00000, 0x00000000c4900000| Complete 
|  56|0x00000000c4a00000, 0x00000000c4b00000, 0x00000000c4b00000|100%|HC|  |TAMS 0x00000000c4b00000, 0x00000000c4a00000| Complete 
|  57|0x00000000c4b00000, 0x00000000c4c00000, 0x00000000c4c00000|100%|HC|  |TAMS 0x00000000c4c00000, 0x00000000c4b00000| Complete 
|  58|0x00000000c4c00000, 0x00000000c4d00000, 0x00000000c4d00000|100%|HC|  |TAMS 0x00000000c4d00000, 0x00000000c4c00000| Complete 
|  59|0x00000000c4d00000, 0x00000000c4e00000, 0x00000000c4e00000|100%|HC|  |TAMS 0x00000000c4e00000, 0x00000000c4d00000| Complete 
|  60|0x00000000c4e00000, 0x00000000c4f00000, 0x00000000c4f00000|100%|HC|  |TAMS 0x00000000c4f00000, 0x00000000c4e00000| Complete 
|  61|0x00000000c4f00000, 0x00000000c5000000, 0x00000000c5000000|100%|HC|  |TAMS 0x00000000c5000000, 0x00000000c4f00000| Complete 
|  62|0x00000000c5000000, 0x00000000c5100000, 0x00000000c5100000|100%|HC|  |TAMS 0x00000000c5100000, 0x00000000c5000000| Complete 
|  63|0x00000000c5100000, 0x00000000c5200000, 0x00000000c5200000|100%|HC|  |TAMS 0x00000000c5200000, 0x00000000c5100000| Complete 
|  64|0x00000000c5200000, 0x00000000c5300000, 0x00000000c5300000|100%|HC|  |TAMS 0x00000000c5300000, 0x00000000c5200000| Complete 
|  65|0x00000000c5300000, 0x00000000c5400000, 0x00000000c5400000|100%|HC|  |TAMS 0x00000000c5400000, 0x00000000c5300000| Complete 
|  66|0x00000000c5400000, 0x00000000c5500000, 0x00000000c5500000|100%|HC|  |TAMS 0x00000000c5500000, 0x00000000c5400000| Complete 
|  67|0x00000000c5500000, 0x00000000c5600000, 0x00000000c5600000|100%|HS|  |TAMS 0x00000000c5500000, 0x00000000c5500000| Complete 
|  68|0x00000000c5600000, 0x00000000c5700000, 0x00000000c5700000|100%|HC|  |TAMS 0x00000000c5600000, 0x00000000c5600000| Complete 
|  69|0x00000000c5700000, 0x00000000c5800000, 0x00000000c5800000|100%|HS|  |TAMS 0x00000000c5700000, 0x00000000c5700000| Complete 
|  70|0x00000000c5800000, 0x00000000c5900000, 0x00000000c5900000|100%|HC|  |TAMS 0x00000000c5800000, 0x00000000c5800000| Complete 
|  71|0x00000000c5900000, 0x00000000c5a00000, 0x00000000c5a00000|100%|HC|  |TAMS 0x00000000c5900000, 0x00000000c5900000| Complete 
|  72|0x00000000c5a00000, 0x00000000c5b00000, 0x00000000c5b00000|100%|HC|  |TAMS 0x00000000c5a00000, 0x00000000c5a00000| Complete 
|  73|0x00000000c5b00000, 0x00000000c5c00000, 0x00000000c5c00000|100%|HC|  |TAMS 0x00000000c5b00000, 0x00000000c5b00000| Complete 
|  74|0x00000000c5c00000, 0x00000000c5d00000, 0x00000000c5d00000|100%|HC|  |TAMS 0x00000000c5c00000, 0x00000000c5c00000| Complete 
|  75|0x00000000c5d00000, 0x00000000c5e00000, 0x00000000c5e00000|100%|HC|  |TAMS 0x00000000c5d00000, 0x00000000c5d00000| Complete 
|  76|0x00000000c5e00000, 0x00000000c5f00000, 0x00000000c5f00000|100%|HC|  |TAMS 0x00000000c5e00000, 0x00000000c5e00000| Complete 
|  77|0x00000000c5f00000, 0x00000000c6000000, 0x00000000c6000000|100%|HC|  |TAMS 0x00000000c5f00000, 0x00000000c5f00000| Complete 
|  78|0x00000000c6000000, 0x00000000c6100000, 0x00000000c6100000|100%|HC|  |TAMS 0x00000000c6000000, 0x00000000c6000000| Complete 
|  79|0x00000000c6100000, 0x00000000c6200000, 0x00000000c6200000|100%|HC|  |TAMS 0x00000000c6100000, 0x00000000c6100000| Complete 
|  80|0x00000000c6200000, 0x00000000c6300000, 0x00000000c6300000|100%|HC|  |TAMS 0x00000000c6200000, 0x00000000c6200000| Complete 
|  81|0x00000000c6300000, 0x00000000c6400000, 0x00000000c6400000|100%|HC|  |TAMS 0x00000000c6300000, 0x00000000c6300000| Complete 
|  82|0x00000000c6400000, 0x00000000c6500000, 0x00000000c6500000|100%|HC|  |TAMS 0x00000000c6400000, 0x00000000c6400000| Complete 
|  83|0x00000000c6500000, 0x00000000c6600000, 0x00000000c6600000|100%|HC|  |TAMS 0x00000000c6500000, 0x00000000c6500000| Complete 
|  84|0x00000000c6600000, 0x00000000c6700000, 0x00000000c6700000|100%|HC|  |TAMS 0x00000000c6600000, 0x00000000c6600000| Complete 
|  85|0x00000000c6700000, 0x00000000c6800000, 0x00000000c6800000|100%|HC|  |TAMS 0x00000000c6700000, 0x00000000c6700000| Complete 
|  86|0x00000000c6800000, 0x00000000c6900000, 0x00000000c6900000|100%|HC|  |TAMS 0x00000000c6800000, 0x00000000c6800000| Complete 
|  87|0x00000000c6900000, 0x00000000c6900000, 0x00000000c6a00000|  0%| F|  |TAMS 0x00000000c6900000, 0x00000000c6900000| Untracked 
|  88|0x00000000c6a00000, 0x00000000c6a00000, 0x00000000c6b00000|  0%| F|  |TAMS 0x00000000c6a00000, 0x00000000c6a00000| Untracked 
|  89|0x00000000c6b00000, 0x00000000c6b00000, 0x00000000c6c00000|  0%| F|  |TAMS 0x00000000c6b00000, 0x00000000c6b00000| Untracked 
|  90|0x00000000c6c00000, 0x00000000c6c00000, 0x00000000c6d00000|  0%| F|  |TAMS 0x00000000c6c00000, 0x00000000c6c00000| Untracked 
|  91|0x00000000c6d00000, 0x00000000c6d00000, 0x00000000c6e00000|  0%| F|  |TAMS 0x00000000c6d00000, 0x00000000c6d00000| Untracked 
|  92|0x00000000c6e00000, 0x00000000c6e00000, 0x00000000c6f00000|  0%| F|  |TAMS 0x00000000c6e00000, 0x00000000c6e00000| Untracked 
|  93|0x00000000c6f00000, 0x00000000c6f00000, 0x00000000c7000000|  0%| F|  |TAMS 0x00000000c6f00000, 0x00000000c6f00000| Untracked 
|  94|0x00000000c7000000, 0x00000000c7000000, 0x00000000c7100000|  0%| F|  |TAMS 0x00000000c7000000, 0x00000000c7000000| Untracked 
|  95|0x00000000c7100000, 0x00000000c7100000, 0x00000000c7200000|  0%| F|  |TAMS 0x00000000c7100000, 0x00000000c7100000| Untracked 
|  96|0x00000000c7200000, 0x00000000c7200000, 0x00000000c7300000|  0%| F|  |TAMS 0x00000000c7200000, 0x00000000c7200000| Untracked 
|  97|0x00000000c7300000, 0x00000000c7300000, 0x00000000c7400000|  0%| F|  |TAMS 0x00000000c7300000, 0x00000000c7300000| Untracked 
|  98|0x00000000c7400000, 0x00000000c7400000, 0x00000000c7500000|  0%| F|  |TAMS 0x00000000c7400000, 0x00000000c7400000| Untracked 
|  99|0x00000000c7500000, 0x00000000c7500000, 0x00000000c7600000|  0%| F|  |TAMS 0x00000000c7500000, 0x00000000c7500000| Untracked 
| 100|0x00000000c7600000, 0x00000000c7600000, 0x00000000c7700000|  0%| F|  |TAMS 0x00000000c7600000, 0x00000000c7600000| Untracked 
| 101|0x00000000c7700000, 0x00000000c7700000, 0x00000000c7800000|  0%| F|  |TAMS 0x00000000c7700000, 0x00000000c7700000| Untracked 
| 102|0x00000000c7800000, 0x00000000c7800000, 0x00000000c7900000|  0%| F|  |TAMS 0x00000000c7800000, 0x00000000c7800000| Untracked 
| 103|0x00000000c7900000, 0x00000000c7900000, 0x00000000c7a00000|  0%| F|  |TAMS 0x00000000c7900000, 0x00000000c7900000| Untracked 
| 104|0x00000000c7a00000, 0x00000000c7a00000, 0x00000000c7b00000|  0%| F|  |TAMS 0x00000000c7a00000, 0x00000000c7a00000| Untracked 
| 105|0x00000000c7b00000, 0x00000000c7b00000, 0x00000000c7c00000|  0%| F|  |TAMS 0x00000000c7b00000, 0x00000000c7b00000| Untracked 
| 106|0x00000000c7c00000, 0x00000000c7c00000, 0x00000000c7d00000|  0%| F|  |TAMS 0x00000000c7c00000, 0x00000000c7c00000| Untracked 
| 107|0x00000000c7d00000, 0x00000000c7d00000, 0x00000000c7e00000|  0%| F|  |TAMS 0x00000000c7d00000, 0x00000000c7d00000| Untracked 
| 108|0x00000000c7e00000, 0x00000000c7e00000, 0x00000000c7f00000|  0%| F|  |TAMS 0x00000000c7e00000, 0x00000000c7e00000| Untracked 
| 109|0x00000000c7f00000, 0x00000000c7f00000, 0x00000000c8000000|  0%| F|  |TAMS 0x00000000c7f00000, 0x00000000c7f00000| Untracked 
| 110|0x00000000c8000000, 0x00000000c8000000, 0x00000000c8100000|  0%| F|  |TAMS 0x00000000c8000000, 0x00000000c8000000| Untracked 
| 111|0x00000000c8100000, 0x00000000c8100000, 0x00000000c8200000|  0%| F|  |TAMS 0x00000000c8100000, 0x00000000c8100000| Untracked 
| 112|0x00000000c8200000, 0x00000000c8200000, 0x00000000c8300000|  0%| F|  |TAMS 0x00000000c8200000, 0x00000000c8200000| Untracked 
| 113|0x00000000c8300000, 0x00000000c8326678, 0x00000000c8400000| 15%| E|  |TAMS 0x00000000c8300000, 0x00000000c8300000| Complete 
| 114|0x00000000c8400000, 0x00000000c8411150, 0x00000000c8500000|  6%| S|CS|TAMS 0x00000000c8400000, 0x00000000c8400000| Complete 

Card table byte_map: [0x000001b673930000,0x000001b673b30000] _byte_map_base: 0x000001b673327000

Marking Bits (Prev, Next): (CMBitMap*) 0x000001b65c25e8c8, (CMBitMap*) 0x000001b65c25e908
 Prev Bits: [0x000001b673d30000, 0x000001b674ce8000)
 Next Bits: [0x000001b674cf0000, 0x000001b675ca8000)

Polling page: 0x000001b65a030000

Metaspace:

Usage:
  Non-class:      8.21 MB capacity,     8.06 MB ( 98%) used,   128.69 KB (  2%) free+waste,    19.63 KB ( <1%) overhead. 
      Class:      1.06 MB capacity,   973.33 KB ( 90%) used,    95.36 KB (  9%) free+waste,    12.31 KB (  1%) overhead. 
       Both:      9.26 MB capacity,     9.01 MB ( 97%) used,   224.05 KB (  2%) free+waste,    31.94 KB ( <1%) overhead. 

Virtual space:
  Non-class space:       10.00 MB reserved,       8.25 MB ( 83%) committed 
      Class space:        1.00 GB reserved,       1.13 MB ( <1%) committed 
             Both:        1.01 GB reserved,       9.38 MB ( <1%) committed 

Chunk freelists:
   Non-Class:  46.00 KB
       Class:  7.00 KB
        Both:  53.00 KB

MaxMetaspaceSize: 17179869184.00 GB
CompressedClassSpaceSize: 1.00 GB

CodeHeap 'non-profiled nmethods': size=120064Kb used=662Kb max_used=662Kb free=119401Kb
 bounds [0x000001b66c1f0000, 0x000001b66c460000, 0x000001b673730000]
CodeHeap 'profiled nmethods': size=120000Kb used=3061Kb max_used=3061Kb free=116938Kb
 bounds [0x000001b664cc0000, 0x000001b664fc0000, 0x000001b66c1f0000]
CodeHeap 'non-nmethods': size=5696Kb used=1298Kb max_used=1321Kb free=4398Kb
 bounds [0x000001b664730000, 0x000001b6649a0000, 0x000001b664cc0000]
 total_blobs=2811 nmethods=1621 adapters=493
 compilation: enabled
              stopped_count=0, restarted_count=0
 full_count=0

Compilation events (20 events):
Event: 6.069 Thread 0x000001b678267800 1612       3       java.security.AccessControlContext::combine (205 bytes)
Event: 6.071 Thread 0x000001b678267800 nmethod 1612 0x000001b664fb8910 code [0x000001b664fb8b40, 0x000001b664fb9700]
Event: 6.072 Thread 0x000001b678267800 1613       3       java.security.ProtectionDomain$JavaSecurityAccessImpl::doIntersectionPrivilege (22 bytes)
Event: 6.073 Thread 0x000001b678267800 nmethod 1613 0x000001b664fb9a10 code [0x000001b664fb9c80, 0x000001b664fba5f0]
Event: 6.073 Thread 0x000001b678267800 1614       3       java.security.ProtectionDomain$JavaSecurityAccessImpl::getCombinedACC (30 bytes)
Event: 6.074 Thread 0x000001b678267800 nmethod 1614 0x000001b664fba990 code [0x000001b664fbab60, 0x000001b664fbafc0]
Event: 26.605 Thread 0x000001b678267800 1615       3       java.util.HashSet::add (20 bytes)
Event: 26.605 Thread 0x000001b678267800 nmethod 1615 0x000001b664fbb110 code [0x000001b664fbb2c0, 0x000001b664fbb590]
Event: 26.606 Thread 0x000001b678267800 1616       3       java.security.AccessControlContext::calculateFields (89 bytes)
Event: 26.607 Thread 0x000001b678267800 nmethod 1616 0x000001b664fbb690 code [0x000001b664fbb860, 0x000001b664fbbd20]
Event: 30.417 Thread 0x000001b678267800 1617       3       java.util.HashMap::isEmpty (13 bytes)
Event: 30.418 Thread 0x000001b678267800 nmethod 1617 0x000001b664fbbe90 code [0x000001b664fbc040, 0x000001b664fbc218]
Event: 64.820 Thread 0x000001b678267800 1619       3       java.util.TaskQueue::isEmpty (13 bytes)
Event: 64.822 Thread 0x000001b678267800 nmethod 1619 0x000001b664fbc290 code [0x000001b664fbc440, 0x000001b664fbc618]
Event: 98.406 Thread 0x000001b678267800 1620       3       sun.awt.AWTAutoShutdown::notifyToolkitThreadBusy (8 bytes)
Event: 98.407 Thread 0x000001b678267800 nmethod 1620 0x000001b664fbc690 code [0x000001b664fbc840, 0x000001b664fbca10]
Event: 99.757 Thread 0x000001b678267800 1621       3       sun.awt.AWTAutoShutdown::notifyToolkitThreadFree (8 bytes)
Event: 99.757 Thread 0x000001b678267800 nmethod 1621 0x000001b664fbcb10 code [0x000001b664fbccc0, 0x000001b664fbce90]
Event: 99.908 Thread 0x000001b678267800 1623       3       java.lang.Integer::numberOfLeadingZeros (79 bytes)
Event: 99.909 Thread 0x000001b678267800 nmethod 1623 0x000001b664fbcf90 code [0x000001b664fbd140, 0x000001b664fbd438]

GC Heap History (14 events):
Event: 0.926 GC heap before
{Heap before GC invocations=0 (full 0):
 garbage-first heap   total 65536K, used 13312K [0x00000000c1200000, 0x0000000100000000)
  region size 1024K, 8 young (8192K), 0 survivors (0K)
 Metaspace       used 8366K, capacity 8613K, committed 8832K, reserved 1056768K
  class space    used 931K, capacity 1047K, committed 1152K, reserved 1048576K
}
Event: 0.939 GC heap after
{Heap after GC invocations=1 (full 0):
 garbage-first heap   total 65536K, used 8414K [0x00000000c1200000, 0x0000000100000000)
  region size 1024K, 2 young (2048K), 2 survivors (2048K)
 Metaspace       used 8366K, capacity 8613K, committed 8832K, reserved 1056768K
  class space    used 931K, capacity 1047K, committed 1152K, reserved 1048576K
}
Event: 1.126 GC heap before
{Heap before GC invocations=2 (full 0):
 garbage-first heap   total 76800K, used 49374K [0x00000000c1200000, 0x0000000100000000)
  region size 1024K, 9 young (9216K), 2 survivors (2048K)
 Metaspace       used 8615K, capacity 8905K, committed 9088K, reserved 1056768K
  class space    used 955K, capacity 1080K, committed 1152K, reserved 1048576K
}
Event: 1.136 GC heap after
{Heap after GC invocations=3 (full 0):
 garbage-first heap   total 76800K, used 44421K [0x00000000c1200000, 0x0000000100000000)
  region size 1024K, 3 young (3072K), 3 survivors (3072K)
 Metaspace       used 8615K, capacity 8905K, committed 9088K, reserved 1056768K
  class space    used 955K, capacity 1080K, committed 1152K, reserved 1048576K
}
Event: 1.332 GC heap before
{Heap before GC invocations=4 (full 0):
 garbage-first heap   total 86016K, used 58757K [0x00000000c1200000, 0x0000000100000000)
  region size 1024K, 13 young (13312K), 3 survivors (3072K)
 Metaspace       used 8701K, capacity 8969K, committed 9088K, reserved 1056768K
  class space    used 962K, capacity 1080K, committed 1152K, reserved 1048576K
}
Event: 1.338 GC heap after
{Heap after GC invocations=5 (full 0):
 garbage-first heap   total 86016K, used 49723K [0x00000000c1200000, 0x0000000100000000)
  region size 1024K, 1 young (1024K), 1 survivors (1024K)
 Metaspace       used 8701K, capacity 8969K, committed 9088K, reserved 1056768K
  class space    used 962K, capacity 1080K, committed 1152K, reserved 1048576K
}
Event: 1.714 GC heap before
{Heap before GC invocations=5 (full 0):
 garbage-first heap   total 86016K, used 66107K [0x00000000c1200000, 0x0000000100000000)
  region size 1024K, 18 young (18432K), 1 survivors (1024K)
 Metaspace       used 8867K, capacity 9161K, committed 9344K, reserved 1056768K
  class space    used 962K, capacity 1080K, committed 1152K, reserved 1048576K
}
Event: 1.716 GC heap after
{Heap after GC invocations=6 (full 0):
 garbage-first heap   total 86016K, used 49486K [0x00000000c1200000, 0x0000000100000000)
  region size 1024K, 1 young (1024K), 1 survivors (1024K)
 Metaspace       used 8867K, capacity 9161K, committed 9344K, reserved 1056768K
  class space    used 962K, capacity 1080K, committed 1152K, reserved 1048576K
}
Event: 2.681 GC heap before
{Heap before GC invocations=7 (full 0):
 garbage-first heap   total 86016K, used 48462K [0x00000000c1200000, 0x0000000100000000)
  region size 1024K, 7 young (7168K), 1 survivors (1024K)
 Metaspace       used 9073K, capacity 9353K, committed 9600K, reserved 1058816K
  class space    used 967K, capacity 1080K, committed 1152K, reserved 1048576K
}
Event: 2.683 GC heap after
{Heap after GC invocations=8 (full 0):
 garbage-first heap   total 86016K, used 44340K [0x00000000c1200000, 0x0000000100000000)
  region size 1024K, 1 young (1024K), 1 survivors (1024K)
 Metaspace       used 9073K, capacity 9353K, committed 9600K, reserved 1058816K
  class space    used 967K, capacity 1080K, committed 1152K, reserved 1048576K
}
Event: 99.702 GC heap before
{Heap before GC invocations=9 (full 0):
 garbage-first heap   total 109568K, used 65844K [0x00000000c1200000, 0x0000000100000000)
  region size 1024K, 5 young (5120K), 1 survivors (1024K)
 Metaspace       used 9225K, capacity 9483K, committed 9600K, reserved 1058816K
  class space    used 973K, capacity 1081K, committed 1152K, reserved 1048576K
}
Event: 99.733 GC heap after
{Heap after GC invocations=10 (full 0):
 garbage-first heap   total 109568K, used 62745K [0x00000000c1200000, 0x0000000100000000)
  region size 1024K, 1 young (1024K), 1 survivors (1024K)
 Metaspace       used 9225K, capacity 9483K, committed 9600K, reserved 1058816K
  class space    used 973K, capacity 1081K, committed 1152K, reserved 1048576K
}
Event: 99.899 GC heap before
{Heap before GC invocations=11 (full 0):
 garbage-first heap   total 117760K, used 67865K [0x00000000c1200000, 0x0000000100000000)
  region size 1024K, 2 young (2048K), 1 survivors (1024K)
 Metaspace       used 9227K, capacity 9483K, committed 9600K, reserved 1058816K
  class space    used 973K, capacity 1081K, committed 1152K, reserved 1048576K
}
Event: 99.900 GC heap after
{Heap after GC invocations=12 (full 0):
 garbage-first heap   total 117760K, used 67863K [0x00000000c1200000, 0x0000000100000000)
  region size 1024K, 1 young (1024K), 1 survivors (1024K)
 Metaspace       used 9227K, capacity 9483K, committed 9600K, reserved 1058816K
  class space    used 973K, capacity 1081K, committed 1152K, reserved 1048576K
}

Deoptimization events (20 events):
Event: 3.104 Thread 0x000001b678fd4800 DEOPT PACKING pc=0x000001b664f22e2a sp=0x0000001d4f1fd3b0
Event: 3.104 Thread 0x000001b678fd4800 DEOPT UNPACKING pc=0x000001b66477964e sp=0x0000001d4f1fc880 mode 0
Event: 3.651 Thread 0x000001b678fd4800 DEOPT PACKING pc=0x000001b664f22e2a sp=0x0000001d4f1fd3b0
Event: 3.651 Thread 0x000001b678fd4800 DEOPT UNPACKING pc=0x000001b66477964e sp=0x0000001d4f1fc880 mode 0
Event: 4.032 Thread 0x000001b678fd4800 DEOPT PACKING pc=0x000001b664f22e2a sp=0x0000001d4f1fd3b0
Event: 4.032 Thread 0x000001b678fd4800 DEOPT UNPACKING pc=0x000001b66477964e sp=0x0000001d4f1fc880 mode 0
Event: 4.415 Thread 0x000001b678fd4800 DEOPT PACKING pc=0x000001b664f22e2a sp=0x0000001d4f1fd3b0
Event: 4.415 Thread 0x000001b678fd4800 DEOPT UNPACKING pc=0x000001b66477964e sp=0x0000001d4f1fc880 mode 0
Event: 99.137 Thread 0x000001b67a9b3800 Uncommon trap: trap_request=0xffffff45 fr.pc=0x000001b66c2898a8 relative=0x0000000000000168
Event: 99.139 Thread 0x000001b67a9b3800 Uncommon trap: reason=unstable_if action=reinterpret pc=0x000001b66c2898a8 method=java.awt.geom.AffineTransform.setToScale(DD)V @ 33 c2
Event: 99.139 Thread 0x000001b67a9b3800 DEOPT PACKING pc=0x000001b66c2898a8 sp=0x0000001d4dbfeb70
Event: 99.621 Thread 0x000001b67a9b3800 DEOPT UNPACKING pc=0x000001b66477912f sp=0x0000001d4dbfea00 mode 2
Event: 99.683 Thread 0x000001b67a9b3800 Uncommon trap: trap_request=0xffffff45 fr.pc=0x000001b66c282ed4 relative=0x0000000000000134
Event: 99.683 Thread 0x000001b67a9b3800 Uncommon trap: reason=unstable_if action=reinterpret pc=0x000001b66c282ed4 method=java.awt.geom.AffineTransform.equals(Ljava/lang/Object;)Z @ 23 c2
Event: 99.684 Thread 0x000001b67a9b3800 DEOPT PACKING pc=0x000001b66c282ed4 sp=0x0000001d4dbfeb80
Event: 99.685 Thread 0x000001b67a9b3800 DEOPT UNPACKING pc=0x000001b66477912f sp=0x0000001d4dbfeb18 mode 2
Event: 99.686 Thread 0x000001b67a9b3800 Uncommon trap: trap_request=0xffffff45 fr.pc=0x000001b66c289480 relative=0x00000000000000c0
Event: 99.686 Thread 0x000001b67a9b3800 Uncommon trap: reason=unstable_if action=reinterpret pc=0x000001b66c289480 method=java.awt.geom.AffineTransform.setToScale(DD)V @ 33 c2
Event: 99.686 Thread 0x000001b67a9b3800 DEOPT PACKING pc=0x000001b66c289480 sp=0x0000001d4dbfe9c0
Event: 99.687 Thread 0x000001b67a9b3800 DEOPT UNPACKING pc=0x000001b66477912f sp=0x0000001d4dbfe938 mode 2

Classes unloaded (0 events):
No events

Classes redefined (0 events):
No events

Internal exceptions (12 events):
Event: 0.201 Thread 0x000001b65c22b800 Exception <a 'java/lang/ClassNotFoundException'{0x00000000c5014cd8}: sun/awt/resources/spi/awtProvider> (0x00000000c5014cd8) 
thrown [t:/workspace/open/src/hotspot/share/classfile/systemDictionary.cpp, line 232]
Event: 0.244 Thread 0x000001b65c22b800 Exception <a 'java/io/FileNotFoundException'{0x00000000c5069e28}> (0x00000000c5069e28) 
thrown [t:/workspace/open/src/hotspot/share/prims/jni.cpp, line 598]
Event: 0.266 Thread 0x000001b65c22b800 Exception <a 'java/io/FileNotFoundException'{0x00000000c5090bc0}> (0x00000000c5090bc0) 
thrown [t:/workspace/open/src/hotspot/share/prims/jni.cpp, line 598]
Event: 0.356 Thread 0x000001b678f23800 Exception <a 'java/lang/NoSuchMethodError'{0x00000000c4f05168}: 'void java.lang.invoke.DirectMethodHandle$Holder.invokeSpecial(java.lang.Object, java.lang.Object)'> (0x00000000c4f05168) 
thrown [t:/workspace/open/src/hotspot/share/interpreter/linkResolver.cpp, line 767]
Event: 0.402 Thread 0x000001b65c22b800 Exception <a 'java/lang/NoSuchMethodError'{0x00000000c4f8ad58}: 'java.lang.Object java.lang.invoke.DirectMethodHandle$Holder.invokeStatic(java.lang.Object, int, java.lang.Object, java.lang.Object, java.lang.Object, java.lang.Object)'> (0x00000000c4f8ad58) 
thrown [t:/workspace/open/src/hotspot/share/interpreter/linkResolver.cpp, line 767]
Event: 0.406 Thread 0x000001b65c22b800 Exception <a 'java/lang/NoSuchMethodError'{0x00000000c4f918f8}: 'java.lang.Object java.lang.invoke.DirectMethodHandle$Holder.invokeStatic(java.lang.Object, int, java.lang.Object, java.lang.Object, java.lang.Object)'> (0x00000000c4f918f8) 
thrown [t:/workspace/open/src/hotspot/share/interpreter/linkResolver.cpp, line 767]
Event: 0.406 Thread 0x000001b65c22b800 Exception <a 'java/lang/NoSuchMethodError'{0x00000000c4f95160}: 'java.lang.Object java.lang.invoke.DirectMethodHandle$Holder.invokeSpecial(java.lang.Object, java.lang.Object, int, java.lang.Object, java.lang.Object, java.lang.Object)'> (0x00000000c4f95160) 
thrown [t:/workspace/open/src/hotspot/share/interpreter/linkResolver.cpp, line 767]
Event: 0.413 Thread 0x000001b65c22b800 Exception <a 'java/lang/NoSuchMethodError'{0x00000000c4fab488}: 'java.lang.Object java.lang.invoke.DirectMethodHandle$Holder.invokeStatic(java.lang.Object, int, java.lang.Object)'> (0x00000000c4fab488) 
thrown [t:/workspace/open/src/hotspot/share/interpreter/linkResolver.cpp, line 767]
Event: 0.445 Thread 0x000001b65c22b800 Exception <a 'java/lang/ClassNotFoundException'{0x00000000c4e4edc0}: com/sun/swing/internal/plaf/metal/resources/spi/metalProvider> (0x00000000c4e4edc0) 
thrown [t:/workspace/open/src/hotspot/share/classfile/systemDictionary.cpp, line 232]
Event: 0.446 Thread 0x000001b65c22b800 Exception <a 'java/lang/ClassNotFoundException'{0x00000000c4e52bf8}: com/sun/swing/internal/plaf/basic/resources/spi/basicProvider> (0x00000000c4e52bf8) 
thrown [t:/workspace/open/src/hotspot/share/classfile/systemDictionary.cpp, line 232]
Event: 0.546 Thread 0x000001b65c22b800 Exception <a 'java/lang/NoSuchMethodError'{0x00000000c4d061f8}: 'void java.lang.invoke.DirectMethodHandle$Holder.invokeStaticInit(java.lang.Object)'> (0x00000000c4d061f8) 
thrown [t:/workspace/open/src/hotspot/share/interpreter/linkResolver.cpp, line 767]
Event: 0.590 Thread 0x000001b65c22b800 Exception <a 'java/lang/NoSuchMethodError'{0x00000000c4d5baf0}: 'java.lang.Object java.lang.invoke.Invokers$Holder.linkToTargetMethod(java.lang.Object, int, java.lang.Object)'> (0x00000000c4d5baf0) 
thrown [t:/workspace/open/src/hotspot/share/interpreter/linkResolver.cpp, line 767]

Events (20 events):
Event: 30.436 Thread 0x000001b67a9b3800 Thread exited: 0x000001b67a9b3800
Event: 33.149 Thread 0x000001b678cc4000 Thread added: 0x000001b678cc4000
Event: 38.117 Executing VM operation: RevokeBias
Event: 38.117 Executing VM operation: RevokeBias done
Event: 38.118 Thread 0x000001b678cc4000 Thread exited: 0x000001b678cc4000
Event: 60.818 Loaded shared library C:\Program Files\Java\jdk-13.0.1\bin\java.dll
Event: 60.825 Loaded shared library C:\Program Files\Java\jdk-13.0.1\bin\java.dll
Event: 60.833 Loaded shared library C:\Program Files\Java\jdk-13.0.1\bin\java.dll
Event: 60.836 Loaded shared library C:\Program Files\Java\jdk-13.0.1\bin\java.dll
Event: 98.409 Thread 0x000001b678cc4000 Thread added: 0x000001b678cc4000
Event: 98.834 Thread 0x000001b67a9b3800 Thread added: 0x000001b67a9b3800
Event: 99.702 Executing VM operation: G1CollectForAllocation
Event: 99.733 Executing VM operation: G1CollectForAllocation done
Event: 99.767 Executing VM operation: G1Concurrent
Event: 99.875 Executing VM operation: G1Concurrent done
Event: 99.880 Executing VM operation: G1Concurrent
Event: 99.896 Executing VM operation: G1Concurrent done
Event: 99.899 Executing VM operation: G1CollectForAllocation
Event: 99.900 Executing VM operation: G1CollectForAllocation done
Event: 99.913 Executing VM operation: G1Concurrent


Dynamic libraries:
0x00007ff6f8520000 - 0x00007ff6f852f000 	C:\Program Files\Java\jdk-13.0.1\bin\javaw.exe
0x00007fffedd60000 - 0x00007fffedf4d000 	C:\Windows\SYSTEM32\ntdll.dll
0x00007fffed550000 - 0x00007fffed603000 	C:\Windows\System32\KERNEL32.DLL
0x00007fffe9fe0000 - 0x00007fffea273000 	C:\Windows\System32\KERNELBASE.dll
0x00007fffea2d0000 - 0x00007fffea3ca000 	C:\Windows\System32\ucrtbase.dll
0x00007fffe5560000 - 0x00007fffe5578000 	C:\Program Files\Java\jdk-13.0.1\bin\jli.dll
0x00007fffebc30000 - 0x00007fffebcd3000 	C:\Windows\System32\ADVAPI32.dll
0x00007fffed1e0000 - 0x00007fffed27e000 	C:\Windows\System32\msvcrt.dll
0x00007fffeb0b0000 - 0x00007fffeb14e000 	C:\Windows\System32\sechost.dll
0x00007fffeaf80000 - 0x00007fffeb0a2000 	C:\Windows\System32\RPCRT4.dll
0x00007fffed3b0000 - 0x00007fffed547000 	C:\Windows\System32\USER32.dll
0x00007fffe9e20000 - 0x00007fffe9e40000 	C:\Windows\System32\win32u.dll
0x00007fffebb30000 - 0x00007fffebb59000 	C:\Windows\System32\GDI32.dll
0x00007fffe9e40000 - 0x00007fffe9fd9000 	C:\Windows\System32\gdi32full.dll
0x00007fffeaba0000 - 0x00007fffeac40000 	C:\Windows\System32\msvcp_win.dll
0x00007fffe4820000 - 0x00007fffe4835000 	C:\Program Files\Java\jdk-13.0.1\bin\VCRUNTIME140.dll
0x00007fffd2ed0000 - 0x00007fffd3149000 	C:\Windows\WinSxS\amd64_microsoft.windows.common-controls_6595b64144ccf1df_6.0.17763.1098_none_de762ed45346ee8a\COMCTL32.dll
0x00007fffeb200000 - 0x00007fffeb52c000 	C:\Windows\System32\combase.dll
0x00007fffeaed0000 - 0x00007fffeaf4e000 	C:\Windows\System32\bcryptPrimitives.dll
0x00007fffd72a0000 - 0x00007fffd72aa000 	C:\Windows\SYSTEM32\VERSION.dll
0x00007fffeb1d0000 - 0x00007fffeb1fe000 	C:\Windows\System32\IMM32.DLL
0x00007fffddec0000 - 0x00007fffddf5b000 	C:\Program Files\Java\jdk-13.0.1\bin\msvcp140.dll
0x00007fffae220000 - 0x00007fffaed86000 	C:\Program Files\Java\jdk-13.0.1\bin\server\jvm.dll
0x00007fffed280000 - 0x00007fffed288000 	C:\Windows\System32\PSAPI.DLL
0x00007fffe8a20000 - 0x00007fffe8a29000 	C:\Windows\SYSTEM32\WSOCK32.dll
0x00007fffed290000 - 0x00007fffed2fd000 	C:\Windows\System32\WS2_32.dll
0x00007fffdf410000 - 0x00007fffdf434000 	C:\Windows\SYSTEM32\WINMM.dll
0x00007fffdf3e0000 - 0x00007fffdf40d000 	C:\Windows\SYSTEM32\WINMMBASE.dll
0x00007fffea280000 - 0x00007fffea2ca000 	C:\Windows\System32\cfgmgr32.dll
0x00007fffe9d50000 - 0x00007fffe9d61000 	C:\Windows\System32\kernel.appcore.dll
0x00007fffe5580000 - 0x00007fffe5590000 	C:\Program Files\Java\jdk-13.0.1\bin\verify.dll
0x00007fffe85e0000 - 0x00007fffe87cd000 	C:\Windows\SYSTEM32\DBGHELP.DLL
0x00007fffe2fd0000 - 0x00007fffe2ffa000 	C:\Windows\SYSTEM32\dbgcore.DLL
0x00007fffde590000 - 0x00007fffde5b6000 	C:\Program Files\Java\jdk-13.0.1\bin\java.dll
0x00007fffe4bc0000 - 0x00007fffe4bd7000 	C:\Program Files\Java\jdk-13.0.1\bin\zip.dll
0x00007fffe4c10000 - 0x00007fffe4c1a000 	C:\Program Files\Java\jdk-13.0.1\bin\jimage.dll
0x00007fffebce0000 - 0x00007fffed1d4000 	C:\Windows\System32\SHELL32.dll
0x00007fffeb950000 - 0x00007fffeb9f8000 	C:\Windows\System32\shcore.dll
0x00007fffea3f0000 - 0x00007fffeab3d000 	C:\Windows\System32\windows.storage.dll
0x00007fffe9df0000 - 0x00007fffe9e14000 	C:\Windows\System32\profapi.dll
0x00007fffe9d90000 - 0x00007fffe9ded000 	C:\Windows\System32\powrprof.dll
0x00007fffed610000 - 0x00007fffed662000 	C:\Windows\System32\shlwapi.dll
0x00007fffea3d0000 - 0x00007fffea3e7000 	C:\Windows\System32\cryptsp.dll
0x00007fffbcfd0000 - 0x00007fffbd169000 	C:\Program Files\Java\jdk-13.0.1\bin\awt.dll
0x00007fffebb60000 - 0x00007fffebc24000 	C:\Windows\System32\OLEAUT32.dll
0x00007fffe74d0000 - 0x00007fffe7a8e000 	C:\Windows\SYSTEM32\d2d1.dll
0x00007fffe7140000 - 0x00007fffe71cc000 	C:\Windows\SYSTEM32\apphelp.dll
0x00007fffe7e20000 - 0x00007fffe7e4e000 	C:\Windows\system32\DWMAPI.DLL
0x00007fffeac40000 - 0x00007fffeae1c000 	C:\Windows\System32\CRYPT32.dll
0x00007fffe9d70000 - 0x00007fffe9d82000 	C:\Windows\System32\MSASN1.dll
0x00007fffe71f0000 - 0x00007fffe728c000 	C:\Windows\system32\uxtheme.dll
0x00007fffc18d0000 - 0x00007fffc19f7000 	C:\Windows\system32\opengl32.dll
0x00007fffe46c0000 - 0x00007fffe46ec000 	C:\Windows\SYSTEM32\GLU32.dll
0x00007fffeb760000 - 0x00007fffeb8cb000 	C:\Windows\System32\MSCTF.dll
0x00007fffedaf0000 - 0x00007fffedc45000 	C:\Windows\System32\ole32.dll
0x00007fffd67f0000 - 0x00007fffd6872000 	C:\Program Files\Java\jdk-13.0.1\bin\freetype.dll
0x00007fffd0450000 - 0x00007fffd04f6000 	C:\Program Files\Java\jdk-13.0.1\bin\fontmanager.dll
0x00007fffddff0000 - 0x00007fffde009000 	C:\Program Files\Java\jdk-13.0.1\bin\net.dll
0x00007fffe56a0000 - 0x00007fffe5792000 	C:\Windows\SYSTEM32\WINHTTP.dll
0x00007fffe95c0000 - 0x00007fffe9627000 	C:\Windows\system32\mswsock.dll
0x00007fffd68f0000 - 0x00007fffd6903000 	C:\Program Files\Java\jdk-13.0.1\bin\nio.dll
0x00007fffed300000 - 0x00007fffed3a2000 	C:\Windows\System32\clbcatq.dll
0x00007fffdbd00000 - 0x00007fffdbeb8000 	C:\Windows\SYSTEM32\WindowsCodecs.dll
0x00007fffc7a50000 - 0x00007fffc7aa6000 	C:\Windows\system32\dataexchange.dll
0x00007fffe8030000 - 0x00007fffe82ae000 	C:\Windows\system32\d3d11.dll
0x00007fffe6a00000 - 0x00007fffe6bc3000 	C:\Windows\system32\dcomp.dll
0x00007fffe8a80000 - 0x00007fffe8b42000 	C:\Windows\system32\dxgi.dll
0x00007fffe72c0000 - 0x00007fffe74cd000 	C:\Windows\system32\twinapi.appcore.dll
0x00007fffe7df0000 - 0x00007fffe7e18000 	C:\Windows\system32\RMCLIENT.dll
0x00007fffdd7a0000 - 0x00007fffdd835000 	C:\Windows\System32\TextInputFramework.dll
0x00007fffdd470000 - 0x00007fffdd792000 	C:\Windows\System32\CoreUIComponents.dll
0x00007fffe7020000 - 0x00007fffe7102000 	C:\Windows\System32\CoreMessaging.dll
0x00007fffe57e0000 - 0x00007fffe5933000 	C:\Windows\SYSTEM32\wintypes.dll
0x00007fffe8dc0000 - 0x00007fffe8df1000 	C:\Windows\SYSTEM32\ntmarta.dll
0x00007fffcbdd0000 - 0x00007fffcbe3c000 	C:\Windows\system32\Oleacc.dll
0x00007fffd0610000 - 0x00007fffd063d000 	C:\Program Files\Java\jdk-13.0.1\bin\javajpeg.dll

dbghelp: loaded successfully - version: 4.0.5 - missing functions: none
symbol engine: initialized successfully - sym options: 0x614 - pdb path: .;C:\Program Files\Java\jdk-13.0.1\bin;C:\Windows\SYSTEM32;C:\Windows\WinSxS\amd64_microsoft.windows.common-controls_6595b64144ccf1df_6.0.17763.1098_none_de762ed45346ee8a;C:\Program Files\Java\jdk-13.0.1\bin\server

VM Arguments:
jvm_args: -Dfile.encoding=UTF-8 
java_command: pack1.Main
java_class_path (initial): C:\Users\user\eclipse-workspace\VirusSimulation\bin
Launcher Type: SUN_STANDARD

[Global flags]
     intx CICompilerCount                          = 3                                         {product} {ergonomic}
     uint ConcGCThreads                            = 1                                         {product} {ergonomic}
     uint G1ConcRefinementThreads                  = 4                                         {product} {ergonomic}
   size_t G1HeapRegionSize                         = 1048576                                   {product} {ergonomic}
    uintx GCDrainStackTargetSize                   = 64                                        {product} {ergonomic}
   size_t InitialHeapSize                          = 67108864                                  {product} {ergonomic}
   size_t MarkStackSize                            = 4194304                                   {product} {ergonomic}
   size_t MaxHeapSize                              = 1054867456                                {product} {ergonomic}
   size_t MaxNewSize                               = 632291328                                 {product} {ergonomic}
   size_t MinHeapDeltaBytes                        = 1048576                                   {product} {ergonomic}
   size_t MinHeapSize                              = 8388608                                   {product} {ergonomic}
    uintx NonNMethodCodeHeapSize                   = 5830732                                {pd product} {ergonomic}
    uintx NonProfiledCodeHeapSize                  = 122913754                              {pd product} {ergonomic}
    uintx ProfiledCodeHeapSize                     = 122913754                              {pd product} {ergonomic}
    uintx ReservedCodeCacheSize                    = 251658240                              {pd product} {ergonomic}
     bool SegmentedCodeCache                       = true                                      {product} {ergonomic}
   size_t SoftMaxHeapSize                          = 1054867456                             {manageable} {ergonomic}
     bool UseCompressedClassPointers               = true                                 {lp64_product} {ergonomic}
     bool UseCompressedOops                        = true                                 {lp64_product} {ergonomic}
     bool UseG1GC                                  = true                                      {product} {ergonomic}
     bool UseLargePagesIndividualAllocation        = false                                  {pd product} {ergonomic}

Logging:
Log output configuration:
 #0: stdout all=warning uptime,level,tags
 #1: stderr all=off uptime,level,tags

Environment Variables:
PATH=C:/Program Files/Java/jdk-13.0.1/bin/server;C:/Program Files/Java/jdk-13.0.1/bin;C:\Windows\system32;C:\Windows;C:\Windows\System32\Wbem;C:\Windows\System32\WindowsPowerShell\v1.0\;C:\Windows\System32\OpenSSH\;C:\Program Files\MATLAB\R2019b\bin;C:\Users\user\AppData\Local\Microsoft\WindowsApps;;C:\Users\user\Desktop;
USERNAME=user
OS=Windows_NT
PROCESSOR_IDENTIFIER=Intel64 Family 6 Model 78 Stepping 3, GenuineIntel



---------------  S Y S T E M  ---------------

OS: Windows 10 , 64 bit Build 17763 (10.0.17763.475)

CPU:total 4 (initial active 4) (2 cores per cpu, 2 threads per core) family 6 model 78 stepping 3, cmov, cx8, fxsr, mmx, sse, sse2, sse3, ssse3, sse4.1, sse4.2, popcnt, avx, avx2, aes, clmul, erms, 3dnowpref, lzcnt, ht, tsc, tscinvbit, bmi1, bmi2, adx, fma

Memory: 4k page, system-wide physical 4021M (111M free)
TotalPageFile size 16309M (AvailPageFile size 13M)
current process WorkingSet (physical memory assigned to process): 53M, peak: 149M
current process commit charge ("private bytes"): 207M, peak: 241M

vm_info: Java HotSpot(TM) 64-Bit Server VM (13.0.1+9) for windows-amd64 JRE (13.0.1+9), built on Oct  6 2019 12:37:49 by "mach5one" with unknown MS VC++:1916

END.
